===== 2026-06-15 21:40 BST =====

🐦 Posting 1 tweet(s) as @Yourscore_App_

  04776857 (214c):
    34 years old today, and Mohamed Salah marked his birthday with an assist at the World Cup. ⏎  ⏎ First African player on record to register a goal involvement on their birthday at a World Cup. Since 1966. Nobody else. 🎂
    ✅ https://x.com/Yourscore_App_/status/2066621792068722993
===== 2026-06-15 22:20 BST =====

🐦 Posting 1 tweet(s) as @Yourscore_App_

  50347475 (171c):
    Emam Ashour with an absolute banger at the World Cup. His first ever Egypt goal, and it comes against Belgium of all teams. 🚀🇪🇬 ⏎  ⏎ Not the name most had on their bingo card.
    ✅ https://x.com/Yourscore_App_/status/2066631856355721237
===== 2026-06-15 23:00 BST =====

🐦 Posting 1 tweet(s) as @Yourscore_App_

  65574748 (185c):
    🏆 The 2006 World Cup Final ⏎ 🇫🇷 France vs Italy 🇮🇹 ⏎ 😮 Zidane steps up early with a cheeky Panenka in the biggest game on earth... ⏎ ⚽ Then the rest of that night happened. What a tournament.
    ✅ https://x.com/Yourscore_App_/status/2066641922949558632
===== 2026-06-15 23:40 BST =====

🐦 Posting 1 tweet(s) as @Yourscore_App_

  65574748 (185c):
    🏆 The 2006 World Cup Final ⏎ 🇫🇷 France vs Italy 🇮🇹 ⏎ 😮 Zidane steps up early with a cheeky Panenka in the biggest game on earth... ⏎ ⚽ Then the rest of that night happened. What a tournament.
    ✗ create tweet 403: {"detail":"You are not allowed to create a Tweet with duplicate content.","type":"about:blank","title":"Forbidden","status":403}
